0 info it worked if it ends with ok
1 verbose cli [ 'node', '/usr/bin/npm', 'install', 'node' ]
2 info using npm@1.3.6
3 info using node@v0.10.48
4 warn package.json camel-case@3.0.0 No README data
5 warn package.json copy-descriptor@0.1.1 No README data
6 warn package.json dom-serializer@0.1.0 No README data
7 warn package.json get-value@2.0.6 No README data
8 warn package.json jsesc@1.3.0 No README data
9 warn package.json node-bin-setup@1.0.6 No description
10 warn package.json node-bin-setup@1.0.6 No repository field.
11 warn package.json node-bin-setup@1.0.6 No README data
12 warn package.json object-copy@0.1.0 No README data
13 warn package.json path-is-inside@1.0.2 No README data
14 warn package.json querystringify@0.0.4 No README data
15 warn package.json setimmediate@1.0.5 No README data
16 warn package.json static-extend@0.1.2 No README data
17 warn package.json bcrypt-pbkdf@1.0.1 No repository field.
18 warn package.json callsite@1.0.0 No repository field.
19 warn package.json has-binary@0.1.7 No repository field.
20 warn package.json indexof@0.0.1 No repository field.
21 warn package.json object-component@0.0.3 No repository field.
22 warn package.json postcss-url@7.3.2 scripts['tests'] should probably be scripts['test'].
23 verbose readDependencies using package.json deps
24 verbose cache add [ 'node@^10.1.0', null ]
25 verbose cache add name=undefined spec="node@^10.1.0" args=["node@^10.1.0",null]
26 verbose parsed url { protocol: null,
26 verbose parsed url   slashes: null,
26 verbose parsed url   auth: null,
26 verbose parsed url   host: null,
26 verbose parsed url   port: null,
26 verbose parsed url   hostname: null,
26 verbose parsed url   hash: null,
26 verbose parsed url   search: null,
26 verbose parsed url   query: null,
26 verbose parsed url   pathname: 'node@^10.1.0',
26 verbose parsed url   path: 'node@^10.1.0',
26 verbose parsed url   href: 'node@^10.1.0' }
27 verbose cache add name="node" spec="^10.1.0" args=["node","^10.1.0"]
28 verbose parsed url { protocol: null,
28 verbose parsed url   slashes: null,
28 verbose parsed url   auth: null,
28 verbose parsed url   host: null,
28 verbose parsed url   port: null,
28 verbose parsed url   hostname: null,
28 verbose parsed url   hash: null,
28 verbose parsed url   search: null,
28 verbose parsed url   query: null,
28 verbose parsed url   pathname: '^10.1.0',
28 verbose parsed url   path: '^10.1.0',
28 verbose parsed url   href: '^10.1.0' }
29 verbose addNamed [ 'node', '^10.1.0' ]
30 verbose addNamed [ null, '>=10.1.0-0 <11.0.0-0' ]
31 silly lockFile cbef2329-node-10-1-0 node@^10.1.0
32 verbose lock node@^10.1.0 /root/.npm/cbef2329-node-10-1-0.lock
33 silly addNameRange { name: 'node', range: '>=10.1.0-0 <11.0.0-0', hasData: false }
34 verbose url raw node
35 verbose url resolving [ 'https://registry.npmjs.org/', './node' ]
36 verbose url resolved https://registry.npmjs.org/node
37 info trying registry request attempt 1 at 05:48:28
38 http GET https://registry.npmjs.org/node
39 info retry will retry, error on last attempt: Error: UNABLE_TO_GET_ISSUER_CERT_LOCALLY
40 info trying registry request attempt 2 at 05:48:39
41 http GET https://registry.npmjs.org/node
42 info retry will retry, error on last attempt: Error: UNABLE_TO_GET_ISSUER_CERT_LOCALLY
43 info trying registry request attempt 3 at 05:49:39
44 http GET https://registry.npmjs.org/node
45 silly lockFile cbef2329-node-10-1-0 node@^10.1.0
46 silly lockFile cbef2329-node-10-1-0 node@^10.1.0
47 error Error: UNABLE_TO_GET_ISSUER_CERT_LOCALLY
47 error     at SecurePair.<anonymous> (tls.js:1430:32)
47 error     at SecurePair.emit (events.js:92:17)
47 error     at SecurePair.maybeInitFinished (tls.js:1029:10)
47 error     at CleartextStream.read [as _read] (tls.js:521:13)
47 error     at CleartextStream.Readable.read (_stream_readable.js:341:10)
47 error     at EncryptedStream.write [as _write] (tls.js:418:25)
47 error     at doWrite (_stream_writable.js:226:10)
47 error     at writeOrBuffer (_stream_writable.js:216:5)
47 error     at EncryptedStream.Writable.write (_stream_writable.js:183:11)
47 error     at write (_stream_readable.js:602:24)
48 error If you need help, you may report this log at:
48 error     <http://github.com/isaacs/npm/issues>
48 error or email it to:
48 error     <npm-@googlegroups.com>
49 error System Linux 4.9.91-40.57.amzn1.x86_64
50 error command "node" "/usr/bin/npm" "install" "node"
51 error cwd /home/ec2-user/environment/RGS
52 error node -v v0.10.48
53 error npm -v 1.3.6
54 verbose exit [ 1, true ]
